<?xml version="1.0" encoding="UTF-8"?>
<!-- Generated by org.testng.reporters.JUnitReportReporter -->
<testsuite hostname="Avinav-PC" name="com.selenium.testcases.FlightSearchPageTest" tests="2" failures="0" timestamp="8 Aug 2021 03:32:17 GMT" time="58.751" errors="0">
  <testcase name="validateFlightResults" time="36.806" classname="com.selenium.testcases.FlightSearchPageTest"/>
  <testcase name="searchForFlights" time="21.945" classname="com.selenium.testcases.FlightSearchPageTest"/>
</testsuite> <!-- com.selenium.testcases.FlightSearchPageTest -->
